C51 COMPILER V9.60.0.0   MAIN                                                              02/21/2023 18:41:36 PAGE 1   


C51 COMPILER V9.60.0.0, COMPILATION OF MODULE MAIN
OBJECT MODULE PLACED IN .\Objects\main.obj
COMPILER INVOKED BY: C:\Keil_v5\C51\BIN\C51.EXE main.c OPTIMIZE(8,SPEED) BROWSE DEBUG OBJECTEXTEND PRINT(.\Listings\main
                    -.lst) TABS(2) OBJECT(.\Objects\main.obj)

line level    source

   1          #include <REGX52.H>
   2          #include <Delay.h>
   3          #include <LCD1602.h>  
   4          unsigned char Keynumber=0;
   5          void main()
   6          {
   7   1        LCD_Init();
   8   1        LCD_ShowString(1,1,"MatrixNumber");
   9   1        LCD_ShowNum(2,1,Keynumber,2);
  10   1        while(1)
  11   1        {
  12   2        
  13   2          P1=0xFF;
  14   2          P1_3=0;
  15   2          if(P1_7==0)
  16   2          {
  17   3              Delay(20);
  18   3              Keynumber=1;
  19   3              while(P1_7==0);
  20   3              Delay(20);
  21   3          }
  22   2            else if (P1_6==0)
  23   2            {
  24   3              Delay(20);
  25   3              Keynumber=5;
  26   3              while(P1_6==0);
  27   3              Delay(20);
  28   3            
  29   3            }
  30   2            else if (P1_5==0)
  31   2            {
  32   3              Delay(20);
  33   3              Keynumber=9;
  34   3              while(P1_5==0);
  35   3              Delay(20);
  36   3          
  37   3            }
  38   2            else if (P1_4==0)
  39   2            {
  40   3              Delay(20);        
  41   3              Keynumber=13;
  42   3              while(P1_4==0);
  43   3              Delay(20);
  44   3      
  45   3            }
  46   2            P1=0xFF;
  47   2            P1_2=0;
  48   2            if(P1_7==0)
  49   2            {
  50   3              Delay(20);
  51   3              Keynumber=2;
  52   3              while(P1_7==0);
  53   3              Delay(20);
  54   3              
C51 COMPILER V9.60.0.0   MAIN                                                              02/21/2023 18:41:36 PAGE 2   

  55   3            }
  56   2            else if (P1_6==0)
  57   2            {
  58   3              Delay(20);
  59   3              Keynumber=6;
  60   3              while(P1_6==0);
  61   3              Delay(20);
  62   3            
  63   3            }
  64   2            else if (P1_5==0)
  65   2            {
  66   3              Delay(20);
  67   3              Keynumber=10;
  68   3              while(P1_5==0);
  69   3              Delay(20);
  70   3              
  71   3            }
  72   2            else if (P1_4==0)
  73   2            {
  74   3              Delay(20);
  75   3              Keynumber=14;
  76   3              while(P1_4==0);
  77   3              Delay(20);
  78   3              
  79   3            }
  80   2            P1=0xFF;
  81   2            P1_1=0;
  82   2            if(P1_7==0)
  83   2            {
  84   3              Delay(20);
  85   3              Keynumber=3;
  86   3              while(P1_7==0);
  87   3              Delay(20);
  88   3              
  89   3            }
  90   2            else if (P1_6==0)
  91   2            {
  92   3              Delay(20);
  93   3              Keynumber=7;
  94   3              while(P1_6==0);
  95   3              Delay(20);
  96   3            
  97   3            }
  98   2            else if (P1_5==0)
  99   2            {
 100   3              Delay(20);
 101   3              Keynumber=11;
 102   3              while(P1_5==0);
 103   3              Delay(20);
 104   3              
 105   3            }
 106   2            else if (P1_4==0)
 107   2            {
 108   3              Delay(20);
 109   3              Keynumber=15;
 110   3              while(P1_4==0);
 111   3              Delay(20);
 112   3              
 113   3            }
 114   2            P1=0xFF;
 115   2            P1_0=0;
 116   2            if(P1_7==0)
C51 COMPILER V9.60.0.0   MAIN                                                              02/21/2023 18:41:36 PAGE 3   

 117   2            {
 118   3              Delay(20);
 119   3              Keynumber=4;
 120   3              while(P1_7==0);
 121   3              Delay(20);
 122   3              
 123   3            }
 124   2            else if (P1_6==0)
 125   2            {
 126   3              Delay(20);
 127   3              Keynumber=8;
 128   3              while(P1_6==0);
 129   3              Delay(20);
 130   3              
 131   3            }
 132   2            else if (P1_5==0)
 133   2            {
 134   3              Delay(20);
 135   3              Keynumber=12;
 136   3              while(P1_5==0);
 137   3              Delay(20);
 138   3              
 139   3            }
 140   2            else if (P1_4==0)
 141   2            {
 142   3              Delay(20);
 143   3              Keynumber=16;
 144   3              while(P1_4==0);
 145   3              Delay(20);
 146   3              
 147   3            }
 148   2            if(Keynumber)
 149   2            {
 150   3            LCD_ShowNum(2,1,Keynumber,2);
 151   3            }
 152   2         }
 153   1       }


MODULE INFORMATION:   STATIC OVERLAYABLE
   CODE SIZE        =    382    ----
   CONSTANT SIZE    =     13    ----
   XDATA SIZE       =   ----    ----
   PDATA SIZE       =   ----    ----
   DATA SIZE        =      1    ----
   IDATA SIZE       =   ----    ----
   BIT SIZE         =   ----    ----
END OF MODULE INFORMATION.


C51 COMPILATION COMPLETE.  0 WARNING(S),  0 ERROR(S)
