C51 COMPILER V9.60.0.0   MAIN                                                              12/06/2022 22:49:28 PAGE 1   


C51 COMPILER V9.60.0.0, COMPILATION OF MODULE MAIN
OBJECT MODULE PLACED IN .\Objects\main.obj
COMPILER INVOKED BY: C:\Keil_v5\C51\BIN\C51.EXE main.c OPTIMIZE(8,SPEED) BROWSE DEBUG OBJECTEXTEND PRINT(.\Listings\main
                    -.lst) TABS(2) OBJECT(.\Objects\main.obj)

line level    source

   1          #include <REGX51.H>
   2          void Delay(unsigned char a)   //@12.000MHz
   3          {
   4   1        for(;a>0;a--)
   5   1        {
   6   2            unsigned char i, j;
   7   2            i = 2;
   8   2            j = 239;
   9   2            do
  10   2            {
  11   3              while (--j);
  12   3            } while (--i);
  13   2        }
  14   1      }
  15          
  16          void NixieTube(unsigned char x)
  17          {
  18   1        switch(x)
  19   1        {
  20   2          case 1:
  21   2            P2_2=1;
  22   2            P2_3=1;
  23   2            P2_4=1;break;
  24   2          case 2:
  25   2            P2_2=0;
  26   2            P2_3=1;
  27   2            P2_4=1;break;
  28   2          case 3:
  29   2            P2_2=1;
  30   2            P2_3=0;
  31   2            P2_4=1;break;
  32   2          case 4:
  33   2            P2_2=0;
  34   2            P2_3=0;
  35   2            P2_4=1;break;
  36   2          case 5:
  37   2            P2_2=1;
  38   2            P2_3=1;
  39   2            P2_4=0;break;
  40   2          case 6:
  41   2            P2_2=0;
  42   2            P2_3=1;
  43   2            P2_4=0;break;
  44   2          case 7:
  45   2            P2_2=1;
  46   2            P2_3=0;
  47   2            P2_4=0;break;
  48   2          case 8:
  49   2            P2_2=0;
  50   2            P2_3=0;
  51   2            P2_4=0;break;
  52   2        }
  53   1      }
  54          void NumberSelect(unsigned char y)
C51 COMPILER V9.60.0.0   MAIN                                                              12/06/2022 22:49:28 PAGE 2   

  55          {
  56   1        unsigned char z[]={0x3F,0x06,0x5B,0x4F,0x66,0x6D,0x7D,0x07,0x7F};
  57   1        P0=z[y];
  58   1        Delay(1);
  59   1        P0=0x00;
  60   1      }
  61          void main()
  62          {
  63   1        unsigned char Position_1,Position_2,Position_3,Position_4,Position_5,Position_6,Position_7,Position_8,Num
             -ber_0,Number_1,Number_2,Number_3,Number_4,Number_5,Number_6,Number_7,Number_8;
  64   1        Position_1=1;
  65   1        Position_2=2;
  66   1        Position_3=3;
  67   1        Position_4=4;
  68   1        Position_5=5;
  69   1        Position_6=6;
  70   1        Position_7=7;
  71   1        Position_8=8;
  72   1        Number_0=0;Number_1=1;Number_2=2;Number_3=3;Number_4=4;Number_5=5;Number_6=6;Number_7=7;Number_8=8;
  73   1        while(1)
  74   1        {
  75   2          NixieTube(Position_1);
  76   2          NumberSelect(Number_5);
  77   2          Delay(1);
  78   2          NixieTube(Position_2);
  79   2          NumberSelect(Number_2);
  80   2          Delay(1);
  81   2          NixieTube(Position_3);
  82   2          NumberSelect(Number_0);
  83   2          Delay(1);
  84   2          NixieTube(Position_4);
  85   2          NumberSelect(Number_1);
  86   2          Delay(1);
  87   2          NixieTube(Position_5);
  88   2          NumberSelect(Number_3);
  89   2          Delay(1);
  90   2          NixieTube(Position_6);
  91   2          NumberSelect(Number_1);
  92   2          Delay(1);
  93   2          NixieTube(Position_7);
  94   2          NumberSelect(Number_4);
  95   2          Delay(1);
  96   2        }
  97   1      }


MODULE INFORMATION:   STATIC OVERLAYABLE
   CODE SIZE        =    311    ----
   CONSTANT SIZE    =      9    ----
   XDATA SIZE       =   ----    ----
   PDATA SIZE       =   ----    ----
   DATA SIZE        =   ----      29
   IDATA SIZE       =   ----    ----
   BIT SIZE         =   ----    ----
END OF MODULE INFORMATION.


C51 COMPILATION COMPLETE.  0 WARNING(S),  0 ERROR(S)
