C51 COMPILER V9.60.0.0   MAIN                                                              02/03/2023 16:04:27 PAGE 1   


C51 COMPILER V9.60.0.0, COMPILATION OF MODULE MAIN
OBJECT MODULE PLACED IN .\Objects\main.obj
COMPILER INVOKED BY: C:\Keil_v5\C51\BIN\C51.EXE main.c OPTIMIZE(8,SPEED) BROWSE DEBUG OBJECTEXTEND PRINT(.\Listings\main
                    -.lst) TABS(2) OBJECT(.\Objects\main.obj)

line level    source

   1          #include <Delay.h>
   2          #include <NixieTube.h>
   3          void main()
   4          {
   5   1        while(1)
   6   1        {
   7   2        NixieTube(1,1);
   8   2        NixieTube(2,2);
   9   2        NixieTube(3,3);
  10   2        NixieTube(4,4);
  11   2        NixieTube(5,5);
  12   2        NixieTube(6,6);
  13   2        NixieTube(7,7);
  14   2        NixieTube(8,8);
  15   2        }
  16   1      }


MODULE INFORMATION:   STATIC OVERLAYABLE
   CODE SIZE        =     90    ----
   CONSTANT SIZE    =   ----    ----
   XDATA SIZE       =   ----    ----
   PDATA SIZE       =   ----    ----
   DATA SIZE        =   ----    ----
   IDATA SIZE       =   ----    ----
   BIT SIZE         =   ----    ----
END OF MODULE INFORMATION.


C51 COMPILATION COMPLETE.  0 WARNING(S),  0 ERROR(S)
