C51 COMPILER V9.60.0.0   NIXIETUBE                                                         02/03/2023 16:04:27 PAGE 1   


C51 COMPILER V9.60.0.0, COMPILATION OF MODULE NIXIETUBE
OBJECT MODULE PLACED IN .\Objects\NixieTube.obj
COMPILER INVOKED BY: C:\Keil_v5\C51\BIN\C51.EXE NixieTube.c OPTIMIZE(8,SPEED) BROWSE DEBUG OBJECTEXTEND PRINT(.\Listings
                    -\NixieTube.lst) TABS(2) OBJECT(.\Objects\NixieTube.obj)

line level    source

   1          #include <REGX52.H>
   2          #include <Delay.H>
   3          void NixieTube(unsigned short x,unsigned short y)
   4          {
   5   1         char Number[]={0x3F,0x06,0x5B,0x4F,0x66,0x6D,0x7D,0x07,0x7F};
   6   1         switch(x)
   7   1        {
   8   2          case 1:
   9   2            P2_2=1;
  10   2            P2_3=1;
  11   2            P2_4=1;break;
  12   2          case 2:
  13   2            P2_2=0;
  14   2            P2_3=1;
  15   2            P2_4=1;break;
  16   2          case 3:
  17   2            P2_2=1;
  18   2            P2_3=0;
  19   2            P2_4=1;break;
  20   2          case 4:
  21   2            P2_2=0;
  22   2            P2_3=0;
  23   2            P2_4=1;break;
  24   2          case 5:
  25   2            P2_2=1;
  26   2            P2_3=1;
  27   2            P2_4=0;break;
  28   2          case 6:
  29   2            P2_2=0;
  30   2            P2_3=1;
  31   2            P2_4=0;break;
  32   2          case 7:
  33   2            P2_2=1;
  34   2            P2_3=0;
  35   2            P2_4=0;break;
  36   2          case 8:
  37   2            P2_2=0;
  38   2            P2_3=0;
  39   2            P2_4=0;break;
  40   2        }
  41   1        P0=Number[y];
  42   1        Delay(1000);
  43   1        P0=0x00;
  44   1      }


MODULE INFORMATION:   STATIC OVERLAYABLE
   CODE SIZE        =    142    ----
   CONSTANT SIZE    =      9    ----
   XDATA SIZE       =   ----    ----
   PDATA SIZE       =   ----    ----
   DATA SIZE        =   ----      13
   IDATA SIZE       =   ----    ----
   BIT SIZE         =   ----    ----
C51 COMPILER V9.60.0.0   NIXIETUBE                                                         02/03/2023 16:04:27 PAGE 2   

END OF MODULE INFORMATION.


C51 COMPILATION COMPLETE.  0 WARNING(S),  0 ERROR(S)
