C51 COMPILER V9.60.0.0   MARTRIXKEY                                                        02/03/2023 17:38:27 PAGE 1   


C51 COMPILER V9.60.0.0, COMPILATION OF MODULE MARTRIXKEY
OBJECT MODULE PLACED IN .\Objects\MartrixKey.obj
COMPILER INVOKED BY: C:\Keil_v5\C51\BIN\C51.EXE MartrixKey.c OPTIMIZE(8,SPEED) BROWSE DEBUG OBJECTEXTEND PRINT(.\Listing
                    -s\MartrixKey.lst) TABS(2) OBJECT(.\Objects\MartrixKey.obj)

line level    source

   1          #include <REGX52.H>
   2          #include <Delay.h>
   3          #include <LCD1602.h>
   4          unsigned int MatrixKey()
   5          {
   6   1        P2=0xFF;
   7   1        LCD_Init();
   8   1        LCD_ShowString(1,1,"MatrixNumber:");
   9   1        while(1)
  10   1        {
  11   2          unsigned char Keynumber=0;
  12   2          P1=0xFF;
  13   2          P1_3=0;
  14   2          if(P1_7==0)
  15   2          {
  16   3              Delay(20);
  17   3              while(P1_7==0);
  18   3              Delay(20);
  19   3              Keynumber=1;
  20   3              LCD_ShowNum(2,1,Keynumber,2);
  21   3              return(Keynumber);
  22   3          }
  23   2            else if (P1_6==0)
  24   2            {
  25   3              Delay(20);
  26   3              while(P1_6==0);
  27   3              Delay(20);
  28   3              Keynumber=5;
  29   3              LCD_ShowNum(2,1,Keynumber,2);
  30   3              return(Keynumber);
  31   3            }
  32   2            else if (P1_5==0)
  33   2            {
  34   3              Delay(20);
  35   3              while(P1_5==0);
  36   3              Delay(20);
  37   3              Keynumber=9;
  38   3              LCD_ShowNum(2,1,Keynumber,2);
  39   3              return(Keynumber);
  40   3            }
  41   2            else if (P1_4==0)
  42   2            {
  43   3              Delay(20);
  44   3              while(P1_4==0);
  45   3              Delay(20);
  46   3              Keynumber=13;
  47   3              LCD_ShowNum(2,1,Keynumber,2);
  48   3              return(Keynumber);
  49   3            }
  50   2            P1=0xFF;
  51   2            P1_2=0;
  52   2            if(P1_7==0)
  53   2            {
  54   3              Delay(20);
C51 COMPILER V9.60.0.0   MARTRIXKEY                                                        02/03/2023 17:38:27 PAGE 2   

  55   3              while(P1_7==0);
  56   3              Delay(20);
  57   3              Keynumber=2;
  58   3              LCD_ShowNum(2,1,Keynumber,2);
  59   3              return(Keynumber);
  60   3            }
  61   2            else if (P1_6==0)
  62   2            {
  63   3              Delay(20);
  64   3              while(P1_6==0);
  65   3              Delay(20);
  66   3              Keynumber=6;
  67   3              LCD_ShowNum(2,1,Keynumber,2);
  68   3              return(Keynumber);
  69   3            }
  70   2            else if (P1_5==0)
  71   2            {
  72   3              Delay(20);
  73   3              while(P1_5==0);
  74   3              Delay(20);
  75   3              Keynumber=10;
  76   3              LCD_ShowNum(2,1,Keynumber,2);
  77   3              return(Keynumber);
  78   3            }
  79   2            else if (P1_4==0)
  80   2            {
  81   3              Delay(20);
  82   3              while(P1_4==0);
  83   3              Delay(20);
  84   3              Keynumber=14;
  85   3              LCD_ShowNum(2,1,Keynumber,2);
  86   3              return(Keynumber);
  87   3            }
  88   2            P1=0xFF;
  89   2            P1_1=0;
  90   2            if(P1_7==0)
  91   2            {
  92   3              Delay(20);
  93   3              while(P1_7==0);
  94   3              Delay(20);
  95   3              Keynumber=3;
  96   3              LCD_ShowNum(2,1,Keynumber,2);
  97   3              return(Keynumber);
  98   3            }
  99   2            else if (P1_6==0)
 100   2            {
 101   3              Delay(20);
 102   3              while(P1_6==0);
 103   3              Delay(20);
 104   3              Keynumber=7;
 105   3              LCD_ShowNum(2,1,Keynumber,2);
 106   3              return(Keynumber);
 107   3            }
 108   2            else if (P1_5==0)
 109   2            {
 110   3              Delay(20);
 111   3              while(P1_5==0);
 112   3              Delay(20);
 113   3              Keynumber=11;
 114   3              LCD_ShowNum(2,1,Keynumber,2);
 115   3              return(Keynumber);
 116   3            }
C51 COMPILER V9.60.0.0   MARTRIXKEY                                                        02/03/2023 17:38:27 PAGE 3   

 117   2            else if (P1_4==0)
 118   2            {
 119   3              Delay(20);
 120   3              while(P1_4==0);
 121   3              Delay(20);
 122   3              Keynumber=15;
 123   3              LCD_ShowNum(2,1,Keynumber,2);
 124   3              return(Keynumber);
 125   3            }
 126   2            P1=0xFF;
 127   2            P1_0=0;
 128   2            if(P1_7==0)
 129   2            {
 130   3              Delay(20);
 131   3              while(P1_7==0);
 132   3              Delay(20);
 133   3              Keynumber=4;
 134   3              LCD_ShowNum(2,1,Keynumber,2);
 135   3              return(Keynumber);
 136   3            }
 137   2            else if (P1_6==0)
 138   2            {
 139   3              Delay(20);
 140   3              while(P1_6==0);
 141   3              Delay(20);
 142   3              Keynumber=8;
 143   3              LCD_ShowNum(2,1,Keynumber,2);
 144   3              return(Keynumber);
 145   3            }
 146   2            else if (P1_5==0)
 147   2            {
 148   3              Delay(20);
 149   3              while(P1_5==0);
 150   3              Delay(20);
 151   3              Keynumber=12;
 152   3              LCD_ShowNum(2,1,Keynumber,2);
 153   3              return(Keynumber);
 154   3            }
 155   2            else if (P1_4==0)
 156   2            {
 157   3              Delay(20);
 158   3              while(P1_4==0);
 159   3              Delay(20);
 160   3              Keynumber=16;
 161   3              LCD_ShowNum(2,1,Keynumber,2);
 162   3              return(Keynumber);
 163   3            }
 164   2         }
 165   1       }


MODULE INFORMATION:   STATIC OVERLAYABLE
   CODE SIZE        =    473    ----
   CONSTANT SIZE    =     14    ----
   XDATA SIZE       =   ----    ----
   PDATA SIZE       =   ----    ----
   DATA SIZE        =   ----       1
   IDATA SIZE       =   ----    ----
   BIT SIZE         =   ----    ----
END OF MODULE INFORMATION.


C51 COMPILATION COMPLETE.  0 WARNING(S),  0 ERROR(S)
